<?xml version="1.0" encoding="UTF-8"?>
<!-- Generated by org.testng.reporters.JUnitXMLReporter -->
<testsuite ignored="0" hostname="W1968289" failures="1" tests="7" name="Test" time="15.927" errors="0" timestamp="2022-04-22T21:24:20 IST">
  <testcase classname="Ui.Login" name="bslogin" time="0.011"/>
  <testcase classname="Ui.Login" name="login" time="0.003"/>
  <testcase classname="Ui.groupdemoclass" name="bslogin" time="0.001"/>
  <testcase classname="Ui.groupdemoclass" name="login" time="0.002"/>
  <testcase classname="Ui.groupdemoclass" name="aslogin" time="0.001"/>
  <testcase classname="Ui.verifythetitle" name="titleTest" time="10.416"/>
  <testcase classname="Ui.softassetandhardassert" name="titleTest" time="5.399">
    <failure type="java.lang.AssertionError" message="oh no bro expected [search] but found [Search]">
      <![CDATA[java.lang.AssertionError: oh no bro expected [search] but found [Search]
at Ui.softassetandhardassert.titleTest(softassetandhardassert.java:31)
at java.base/java.util.ArrayList.forEach(ArrayList.java:1511)
... Removed 32 stack frames]]>
    </failure>
  </testcase> <!-- titleTest -->
</testsuite> <!-- Test -->
