<?xml version="1.0" encoding="UTF-8"?>
<testng-results ignored="0" total="7" passed="6" failed="1" skipped="0">
  <reporter-output>
  </reporter-output>
  <suite started-at="2022-04-22T21:24:04 IST" name="Suite" finished-at="2022-04-22T21:24:20 IST" duration-ms="15927">
    <groups>
      <group name="bvt">
        <method signature="groupdemoclass.aslogin()[pri:3, instance:Ui.groupdemoclass@1e1a0406]" name="aslogin" class="Ui.groupdemoclass"/>
      </group> <!-- bvt -->
      <group name="regression">
        <method signature="groupdemoclass.bslogin()[pri:1, instance:Ui.groupdemoclass@1e1a0406]" name="bslogin" class="Ui.groupdemoclass"/>
        <method signature="groupdemoclass.login()[pri:2, instance:Ui.groupdemoclass@1e1a0406]" name="login" class="Ui.groupdemoclass"/>
      </group> <!-- regression -->
    </groups>
    <test started-at="2022-04-22T21:24:04 IST" name="Test" finished-at="2022-04-22T21:24:20 IST" duration-ms="15927">
      <class name="Ui.groupdemoclass">
        <test-method signature="bslogin()[pri:1, instance:Ui.groupdemoclass@1e1a0406]" started-at="2022-04-22T21:24:04 IST" name="bslogin" finished-at="2022-04-22T21:24:04 IST" duration-ms="1" status="PASS">
          <reporter-output>
          </reporter-output>
        </test-method> <!-- bslogin -->
        <test-method signature="login()[pri:2, instance:Ui.groupdemoclass@1e1a0406]" started-at="2022-04-22T21:24:04 IST" name="login" finished-at="2022-04-22T21:24:04 IST" duration-ms="2" status="PASS">
          <reporter-output>
          </reporter-output>
        </test-method> <!-- login -->
        <test-method signature="aslogin()[pri:3, instance:Ui.groupdemoclass@1e1a0406]" started-at="2022-04-22T21:24:04 IST" name="aslogin" finished-at="2022-04-22T21:24:04 IST" duration-ms="1" status="PASS">
          <reporter-output>
          </reporter-output>
        </test-method> <!-- aslogin -->
      </class> <!-- Ui.groupdemoclass -->
      <class name="Ui.Login">
        <test-method is-config="true" signature="loginsucess()[pri:0, instance:Ui.Login@2c1b194a]" started-at="2022-04-22T21:24:04 IST" name="loginsucess" finished-at="2022-04-22T21:24:04 IST" duration-ms="12" status="PASS">
          <reporter-output>
          </reporter-output>
        </test-method> <!-- loginsucess -->
        <test-method signature="bslogin()[pri:1, instance:Ui.Login@2c1b194a]" started-at="2022-04-22T21:24:04 IST" name="bslogin" finished-at="2022-04-22T21:24:04 IST" duration-ms="11" status="PASS">
          <reporter-output>
          </reporter-output>
        </test-method> <!-- bslogin -->
        <test-method signature="login()[pri:2, instance:Ui.Login@2c1b194a]" started-at="2022-04-22T21:24:04 IST" name="login" finished-at="2022-04-22T21:24:04 IST" duration-ms="3" status="PASS">
          <reporter-output>
          </reporter-output>
        </test-method> <!-- login -->
        <test-method is-config="true" signature="logoutsucess()[pri:0, instance:Ui.Login@2c1b194a]" started-at="2022-04-22T21:24:20 IST" name="logoutsucess" finished-at="2022-04-22T21:24:20 IST" duration-ms="0" status="PASS">
          <reporter-output>
          </reporter-output>
        </test-method> <!-- logoutsucess -->
      </class> <!-- Ui.Login -->
      <class name="Ui.verifythetitle">
        <test-method signature="titleTest()[pri:0, instance:Ui.verifythetitle@3cebbb30]" started-at="2022-04-22T21:24:04 IST" name="titleTest" finished-at="2022-04-22T21:24:14 IST" duration-ms="10416" status="PASS">
          <reporter-output>
          </reporter-output>
        </test-method> <!-- titleTest -->
      </class> <!-- Ui.verifythetitle -->
      <class name="Ui.softassetandhardassert">
        <test-method signature="titleTest()[pri:0, instance:Ui.softassetandhardassert@12aba8be]" started-at="2022-04-22T21:24:14 IST" name="titleTest" finished-at="2022-04-22T21:24:20 IST" duration-ms="5399" status="FAIL">
          <exception class="java.lang.AssertionError">
            <message>
              <![CDATA[oh no bro expected [search] but found [Search]]]>
            </message>
            <full-stacktrace>
              <![CDATA[java.lang.AssertionError: oh no bro expected [search] but found [Search]
at org.testng.Assert.fail(Assert.java:99)
at org.testng.Assert.failNotEquals(Assert.java:1037)
at org.testng.Assert.assertEqualsImpl(Assert.java:140)
at org.testng.Assert.assertEquals(Assert.java:122)
at org.testng.Assert.assertEquals(Assert.java:629)
at Ui.softassetandhardassert.titleTest(softassetandhardassert.java:31)
at java.base/jdk.internal.reflect.NativeMethodAccessorImpl.invoke0(Native Method)
at java.base/jdk.internal.reflect.NativeMethodAccessorImpl.invoke(NativeMethodAccessorImpl.java:77)
at java.base/jdk.internal.reflect.DelegatingMethodAccessorImpl.invoke(DelegatingMethodAccessorImpl.java:43)
at java.base/java.lang.reflect.Method.invoke(Method.java:568)
at org.testng.internal.MethodInvocationHelper.invokeMethod(MethodInvocationHelper.java:133)
at org.testng.internal.TestInvoker.invokeMethod(TestInvoker.java:598)
at org.testng.internal.TestInvoker.invokeTestMethod(TestInvoker.java:173)
at org.testng.internal.MethodRunner.runInSequence(MethodRunner.java:46)
at org.testng.internal.TestInvoker$MethodInvocationAgent.invoke(TestInvoker.java:824)
at org.testng.internal.TestInvoker.invokeTestMethods(TestInvoker.java:146)
at org.testng.internal.TestMethodWorker.invokeTestMethods(TestMethodWorker.java:146)
at org.testng.internal.TestMethodWorker.run(TestMethodWorker.java:128)
at java.base/java.util.ArrayList.forEach(ArrayList.java:1511)
at org.testng.TestRunner.privateRun(TestRunner.java:794)
at org.testng.TestRunner.run(TestRunner.java:596)
at org.testng.SuiteRunner.runTest(SuiteRunner.java:377)
at org.testng.SuiteRunner.runSequentially(SuiteRunner.java:371)
at org.testng.SuiteRunner.privateRun(SuiteRunner.java:332)
at org.testng.SuiteRunner.run(SuiteRunner.java:276)
at org.testng.SuiteRunnerWorker.runSuite(SuiteRunnerWorker.java:53)
at org.testng.SuiteRunnerWorker.run(SuiteRunnerWorker.java:96)
at org.testng.TestNG.runSuitesSequentially(TestNG.java:1212)
at org.testng.TestNG.runSuitesLocally(TestNG.java:1134)
at org.testng.TestNG.runSuites(TestNG.java:1063)
at org.testng.TestNG.run(TestNG.java:1031)
at org.testng.remote.AbstractRemoteTestNG.run(AbstractRemoteTestNG.java:115)
at org.testng.remote.RemoteTestNG.initAndRun(RemoteTestNG.java:251)
at org.testng.remote.RemoteTestNG.main(RemoteTestNG.java:77)
]]>
            </full-stacktrace>
          </exception> <!-- java.lang.AssertionError -->
          <reporter-output>
          </reporter-output>
        </test-method> <!-- titleTest -->
      </class> <!-- Ui.softassetandhardassert -->
    </test> <!-- Test -->
  </suite> <!-- Suite -->
</testng-results>
